Wbiome_rand 0
Wbiome_rand 0
Wbiome_rand 0
Wbiome_rand 1
Collect gpoint
return: Hill
Collect gpoint
return: Hill
Collect gpoint
return: Forest
Collect gpoint
return: Forest
Collect gpoint
return: Forest
Collect gpoint
return: Forest
Collect gpoint
return: Forest
Vendredi: 35
Vendredi: 17
Vendredi: 65
Vendredi: 58
Vendredi: 19
Vendredi: 5
Vendredi: 5
Vendredi: 7
Vendredi: 7
Vendredi: 9
Vendredi: 9
Vendredi: 11
Vendredi: 11
Vendredi: 13
Vendredi: 13
Vendredi: 15
Vendredi: 15
Vendredi: 17
Vendredi: 17
Vendredi: 19
Vendredi: 19
Vendredi: 21
Vendredi: 21
Vendredi: 23
Vendredi: 23
Vendredi: 25
Vendredi: 25
Vendredi: 27
Vendredi: 27
Vendredi: 29
Vendredi: 29
Vendredi: 31
Vendredi: 31
Vendredi: 33
Vendredi: 33
Vendredi: 35
Vendredi: 35
Vendredi: 37
Vendredi: 37
Vendredi: 39
Vendredi: 39
Vendredi: 41
Vendredi: 41
Vendredi: 43
Vendredi: 43
Vendredi: 45
Vendredi: 45
Vendredi: 47
Vendredi: 47
Vendredi: 49
Vendredi: 49
Vendredi: 51
Vendredi: 51
Vendredi: 53
Vendredi: 53
Vendredi: 55
Vendredi: 55
Vendredi: 57
Vendredi: 57
Vendredi: 59
Vendredi: 59
Vendredi: 61
Vendredi: 61
Vendredi: 63
Vendredi: 63
Vendredi: 65
Vendredi: 65
Vendredi: 67
Vendredi: 67
Vendredi: 69
Vendredi: 69
Vendredi: 71
Vendredi: 71
Vendredi: 73
Vendredi: 73
Vendredi: 75
Vendredi: 75
Vendredi: 77
Vendredi: 77
Vendredi: 79
Vendredi: 79
Vendredi: 81
Vendredi: 81
Vendredi: 83
Vendredi: 83
Vendredi: 85
Vendredi: 85
Vendredi: 87
Vendredi: 87
Vendredi: 89
Vendredi: 89
Vendredi: 91
Vendredi: 91
Vendredi: 93
Vendredi: 93
Vendredi: 95
Vendredi: 95
Vendredi: 97
Vendredi: 97
Vendredi: 99
Vendredi: 99
Vendredi: 1
Vendredi: 3
Vendredi: 2
Vendredi: 3
Vendredi: 6
Vendredi: 7
Vendredi: 6
Vendredi: 7
Vendredi: 10
Vendredi: 11
Vendredi: 10
Vendredi: 11
Vendredi: 14
Vendredi: 15
Vendredi: 14
Vendredi: 15
Vendredi: 18
Vendredi: 19
Vendredi: 18
Vendredi: 19
Vendredi: 22
Vendredi: 23
Vendredi: 22
Vendredi: 23
Vendredi: 26
Vendredi: 27
Vendredi: 26
Vendredi: 27
Vendredi: 30
Vendredi: 31
Vendredi: 30
Vendredi: 31
Vendredi: 34
Vendredi: 35
Vendredi: 34
Vendredi: 35
Vendredi: 38
Vendredi: 39
Vendredi: 38
Vendredi: 39
Vendredi: 42
Vendredi: 43
Vendredi: 42
Vendredi: 43
Vendredi: 46
Vendredi: 47
Vendredi: 46
Vendredi: 47
Vendredi: 50
Vendredi: 51
Vendredi: 50
Vendredi: 51
Vendredi: 54
Vendredi: 55
Vendredi: 54
Vendredi: 55
Vendredi: 58
Vendredi: 59
Vendredi: 58
Vendredi: 59
Vendredi: 62
Vendredi: 63
Vendredi: 62
Vendredi: 63
Vendredi: 66
Vendredi: 67
Vendredi: 66
Vendredi: 67
Vendredi: 70
Vendredi: 71
Vendredi: 70
Vendredi: 71
Vendredi: 74
Vendredi: 75
Vendredi: 74
Vendredi: 75
Vendredi: 78
Vendredi: 79
Vendredi: 78
Vendredi: 79
Vendredi: 82
Vendredi: 83
Vendredi: 82
Vendredi: 83
Vendredi: 86
Vendredi: 87
Vendredi: 86
Vendredi: 87
Vendredi: 90
Vendredi: 91
Vendredi: 90
Vendredi: 91
Vendredi: 94
Vendredi: 95
Vendredi: 94
Vendredi: 95
Vendredi: 98
Vendredi: 99
Vendredi: 98
Vendredi: 99
Vendredi: 2
Vendredi: 3
Vendredi: 3
Vendredi: 3
Vendredi: 7
Vendredi: 7
Vendredi: 7
Vendredi: 7
Vendredi: 11
Vendredi: 11
Vendredi: 11
Vendredi: 11
Vendredi: 15
Vendredi: 15
Vendredi: 15
Vendredi: 15
Vendredi: 19
Vendredi: 19
Vendredi: 19
Vendredi: 19
Vendredi: 23
Vendredi: 23
Vendredi: 23
Vendredi: 23
Vendredi: 27
Vendredi: 27
Vendredi: 27
Vendredi: 27
Vendredi: 31
Vendredi: 31
Vendredi: 31
Vendredi: 31
Vendredi: 35
Vendredi: 35
Vendredi: 35
Vendredi: 35
Vendredi: 39
Vendredi: 39
Vendredi: 39
Vendredi: 39
Vendredi: 43
Vendredi: 43
Vendredi: 43
Vendredi: 43
Vendredi: 47
Vendredi: 47
Vendredi: 47
Vendredi: 47
Vendredi: 51
Vendredi: 51
Vendredi: 51
Vendredi: 51
Vendredi: 55
Vendredi: 55
Vendredi: 55
Vendredi: 55
Vendredi: 59
Vendredi: 59
Vendredi: 59
Vendredi: 59
Vendredi: 63
Vendredi: 63
Vendredi: 63
Vendredi: 63
Vendredi: 67
Vendredi: 67
Vendredi: 67
Vendredi: 67
Vendredi: 71
Vendredi: 71
Vendredi: 71
Vendredi: 71
Vendredi: 75
Vendredi: 75
Vendredi: 75
Vendredi: 75
Vendredi: 79
Vendredi: 79
Vendredi: 79
Vendredi: 79
Vendredi: 83
Vendredi: 83
Vendredi: 83
Vendredi: 83
Vendredi: 87
Vendredi: 87
Vendredi: 87
Vendredi: 87
Vendredi: 91
Vendredi: 91
Vendredi: 91
Vendredi: 91
Vendredi: 95
Vendredi: 95
Vendredi: 95
Vendredi: 95
Vendredi: 99
Vendredi: 99
Vendredi: 99
Vendredi: 99
Vendredi: 3
Vendredi: 5
Vendredi: 6
Vendredi: 7
Vendredi: 4
Vendredi: 5
Vendredi: 6
Vendredi: 7
Vendredi: 12
Vendredi: 13
Vendredi: 14
Vendredi: 15
Vendredi: 12
Vendredi: 13
Vendredi: 14
Vendredi: 15
Vendredi: 20
Vendredi: 21
Vendredi: 22
Vendredi: 23
Vendredi: 20
Vendredi: 21
Vendredi: 22
Vendredi: 23
Vendredi: 28
Vendredi: 29
Vendredi: 30
Vendredi: 31
Vendredi: 28
Vendredi: 29
Vendredi: 30
Vendredi: 31
Vendredi: 36
Vendredi: 37
Vendredi: 38
Vendredi: 39
Vendredi: 36
Vendredi: 37
Vendredi: 38
Vendredi: 39
Vendredi: 44
Vendredi: 45
Vendredi: 46
Vendredi: 47
Vendredi: 44
Vendredi: 45
Vendredi: 46
Vendredi: 47
Vendredi: 52
Vendredi: 53
Vendredi: 54
Vendredi: 55
Vendredi: 52
Vendredi: 53
Vendredi: 54
Vendredi: 55
Vendredi: 60
Vendredi: 61
Vendredi: 62
Vendredi: 63
Vendredi: 60
Vendredi: 61
Vendredi: 62
Vendredi: 63
Vendredi: 68
Vendredi: 69
Vendredi: 70
Vendredi: 71
Vendredi: 68
Vendredi: 69
Vendredi: 70
Vendredi: 71
Vendredi: 76
Vendredi: 77
Vendredi: 78
Vendredi: 79
Vendredi: 76
Vendredi: 77
Vendredi: 78
Vendredi: 79
Vendredi: 84
Vendredi: 85
